2022-09-21 12:33:27,267 DEBUG logging.InternalLoggerFactory [main] Using Log4J2 as the default logging framework
2022-09-21 12:33:27,279 DEBUG util.ResourceLeakDetector [main] -Dio.netty.leakDetection.level: simple
2022-09-21 12:33:27,280 DEBUG util.ResourceLeakDetector [main] -Dio.netty.leakDetection.targetRecords: 4
2022-09-21 12:33:27,285 DEBUG util.ResourceLeakDetectorFactory [main] Loaded default ResourceLeakDetector: io.netty.util.ResourceLeakDetector@3af0a9da
2022-09-21 12:33:27,310 DEBUG internal.PlatformDependent0 [main] -Dio.netty.noUnsafe: false
2022-09-21 12:33:27,311 DEBUG internal.PlatformDependent0 [main] Java version: 8
2022-09-21 12:33:27,313 DEBUG internal.PlatformDependent0 [main] sun.misc.Unsafe.theUnsafe: available
2022-09-21 12:33:27,314 DEBUG internal.PlatformDependent0 [main] sun.misc.Unsafe.copyMemory: available
2022-09-21 12:33:27,315 DEBUG internal.PlatformDependent0 [main] sun.misc.Unsafe.storeFence: available
2022-09-21 12:33:27,316 DEBUG internal.PlatformDependent0 [main] java.nio.Buffer.address: available
2022-09-21 12:33:27,317 DEBUG internal.PlatformDependent0 [main] direct buffer constructor: available
2022-09-21 12:33:27,318 DEBUG internal.PlatformDependent0 [main] java.nio.Bits.unaligned: available, true
2022-09-21 12:33:27,319 DEBUG internal.PlatformDependent0 [main] jdk.internal.misc.Unsafe.allocateUninitializedArray(int): unavailable prior to Java9
2022-09-21 12:33:27,319 DEBUG internal.PlatformDependent0 [main] java.nio.DirectByteBuffer.<init>(long, int): available
2022-09-21 12:33:27,320 DEBUG internal.PlatformDependent [main] sun.misc.Unsafe: available
2022-09-21 12:33:27,321 DEBUG internal.PlatformDependent [main] -Dio.netty.tmpdir: C:\Users\Ar7nic\AppData\Local\Temp (java.io.tmpdir)
2022-09-21 12:33:27,322 DEBUG internal.PlatformDependent [main] -Dio.netty.bitMode: 64 (sun.arch.data.model)
2022-09-21 12:33:27,323 DEBUG internal.PlatformDependent [main] Platform: Windows
2022-09-21 12:33:27,325 DEBUG internal.PlatformDependent [main] -Dio.netty.maxDirectMemory: 3786407936 bytes
2022-09-21 12:33:27,325 DEBUG internal.PlatformDependent [main] -Dio.netty.uninitializedArrayAllocationThreshold: -1
2022-09-21 12:33:27,327 DEBUG internal.CleanerJava6 [main] java.nio.ByteBuffer.cleaner(): available
2022-09-21 12:33:27,328 DEBUG internal.PlatformDependent [main] -Dio.netty.noPreferDirect: false
2022-09-21 12:33:27,338 DEBUG internal.PlatformDependent [main] org.jctools-core.MpscChunkedArrayQueue: available
2022-09-21 12:33:27,365 DEBUG internal.InternalThreadLocalMap [main] -Dio.netty.threadLocalMap.stringBuilder.initialSize: 1024
2022-09-21 12:33:27,366 DEBUG internal.InternalThreadLocalMap [main] -Dio.netty.threadLocalMap.stringBuilder.maxSize: 4096
2022-09-21 12:33:30,169 DEBUG ssl.JdkSslContext [main] Default protocols (JDK): [TLSv1.2] 
2022-09-21 12:33:30,169 DEBUG ssl.JdkSslContext [main] Default cipher suites (JDK): [TLS_ECDHE_ECDSA_WITH_AES_256_GCM_SHA384, TLS_ECDHE_ECDSA_WITH_AES_128_GCM_SHA256, TLS_ECDHE_RSA_WITH_AES_128_GCM_SHA256, TLS_ECDHE_RSA_WITH_AES_256_GCM_SHA384, TLS_ECDHE_RSA_WITH_AES_128_CBC_SHA, TLS_ECDHE_RSA_WITH_AES_256_CBC_SHA, TLS_RSA_WITH_AES_128_GCM_SHA256, TLS_RSA_WITH_AES_128_CBC_SHA, TLS_RSA_WITH_AES_256_CBC_SHA, TLS_AES_128_GCM_SHA256, TLS_AES_256_GCM_SHA384]
2022-09-21 12:33:30,204 DEBUG channel.MultithreadEventLoopGroup [main] -Dio.netty.eventLoopThreads: 16
2022-09-21 12:33:30,215 DEBUG nio.NioEventLoop [main] -Dio.netty.noKeySetOptimization: false
2022-09-21 12:33:30,215 DEBUG nio.NioEventLoop [main] -Dio.netty.selectorAutoRebuildThreshold: 512
2022-09-21 12:33:30,225 TRACE nio.NioEventLoop [main] instrumented a special java.util.Set into: sun.nio.ch.WindowsSelectorImpl@10c626be
2022-09-21 12:33:30,230 TRACE nio.NioEventLoop [main] instrumented a special java.util.Set into: sun.nio.ch.WindowsSelectorImpl@63b1d4fa
2022-09-21 12:33:30,231 TRACE nio.NioEventLoop [main] instrumented a special java.util.Set into: sun.nio.ch.WindowsSelectorImpl@42e3ede4
2022-09-21 12:33:30,232 TRACE nio.NioEventLoop [main] instrumented a special java.util.Set into: sun.nio.ch.WindowsSelectorImpl@201b6b6f
2022-09-21 12:33:30,233 TRACE nio.NioEventLoop [main] instrumented a special java.util.Set into: sun.nio.ch.WindowsSelectorImpl@75459c75
2022-09-21 12:33:30,234 TRACE nio.NioEventLoop [main] instrumented a special java.util.Set into: sun.nio.ch.WindowsSelectorImpl@183e8023
2022-09-21 12:33:30,235 TRACE nio.NioEventLoop [main] instrumented a special java.util.Set into: sun.nio.ch.WindowsSelectorImpl@45efc20d
2022-09-21 12:33:30,235 TRACE nio.NioEventLoop [main] instrumented a special java.util.Set into: sun.nio.ch.WindowsSelectorImpl@3e5499cc
2022-09-21 12:33:30,236 TRACE nio.NioEventLoop [main] instrumented a special java.util.Set into: sun.nio.ch.WindowsSelectorImpl@67ab1c47
2022-09-21 12:33:30,237 TRACE nio.NioEventLoop [main] instrumented a special java.util.Set into: sun.nio.ch.WindowsSelectorImpl@b78a709
2022-09-21 12:33:30,238 TRACE nio.NioEventLoop [main] instrumented a special java.util.Set into: sun.nio.ch.WindowsSelectorImpl@30bcf3c1
2022-09-21 12:33:30,240 TRACE nio.NioEventLoop [main] instrumented a special java.util.Set into: sun.nio.ch.WindowsSelectorImpl@2a3c96e3
2022-09-21 12:33:30,241 TRACE nio.NioEventLoop [main] instrumented a special java.util.Set into: sun.nio.ch.WindowsSelectorImpl@15cafec7
2022-09-21 12:33:30,242 TRACE nio.NioEventLoop [main] instrumented a special java.util.Set into: sun.nio.ch.WindowsSelectorImpl@5b444398
2022-09-21 12:33:30,243 TRACE nio.NioEventLoop [main] instrumented a special java.util.Set into: sun.nio.ch.WindowsSelectorImpl@cb191ca
2022-09-21 12:33:30,244 TRACE nio.NioEventLoop [main] instrumented a special java.util.Set into: sun.nio.ch.WindowsSelectorImpl@42f48531
2022-09-21 12:33:30,268 DEBUG buffer.PooledByteBufAllocator [main] -Dio.netty.allocator.numHeapArenas: 16
2022-09-21 12:33:30,268 DEBUG buffer.PooledByteBufAllocator [main] -Dio.netty.allocator.numDirectArenas: 16
2022-09-21 12:33:30,268 DEBUG buffer.PooledByteBufAllocator [main] -Dio.netty.allocator.pageSize: 8192
2022-09-21 12:33:30,268 DEBUG buffer.PooledByteBufAllocator [main] -Dio.netty.allocator.maxOrder: 9
2022-09-21 12:33:30,269 DEBUG buffer.PooledByteBufAllocator [main] -Dio.netty.allocator.chunkSize: 4194304
2022-09-21 12:33:30,269 DEBUG buffer.PooledByteBufAllocator [main] -Dio.netty.allocator.smallCacheSize: 256
2022-09-21 12:33:30,269 DEBUG buffer.PooledByteBufAllocator [main] -Dio.netty.allocator.normalCacheSize: 64
2022-09-21 12:33:30,270 DEBUG buffer.PooledByteBufAllocator [main] -Dio.netty.allocator.maxCachedBufferCapacity: 32768
2022-09-21 12:33:30,270 DEBUG buffer.PooledByteBufAllocator [main] -Dio.netty.allocator.cacheTrimInterval: 8192
2022-09-21 12:33:30,270 DEBUG buffer.PooledByteBufAllocator [main] -Dio.netty.allocator.cacheTrimIntervalMillis: 0
2022-09-21 12:33:30,270 DEBUG buffer.PooledByteBufAllocator [main] -Dio.netty.allocator.useCacheForAllThreads: false
2022-09-21 12:33:30,271 DEBUG buffer.PooledByteBufAllocator [main] -Dio.netty.allocator.maxCachedByteBuffersPerChunk: 1023
2022-09-21 12:33:30,283 DEBUG buffer.ByteBufUtil [main] -Dio.netty.allocator.type: pooled
2022-09-21 12:33:30,283 DEBUG buffer.ByteBufUtil [main] -Dio.netty.threadLocalDirectBufferSize: 0
2022-09-21 12:33:30,283 DEBUG buffer.ByteBufUtil [main] -Dio.netty.maxThreadLocalCharBufferSize: 16384
2022-09-21 12:33:30,517 DEBUG channel.DefaultChannelId [Forwarding newSession on session null to remote] -Dio.netty.processId: 16860 (auto-detected)
2022-09-21 12:33:30,519 DEBUG util.NetUtil [Forwarding newSession on session null to remote] -Djava.net.preferIPv4Stack: false
2022-09-21 12:33:30,520 DEBUG util.NetUtil [Forwarding newSession on session null to remote] -Djava.net.preferIPv6Addresses: false
2022-09-21 12:33:31,709 DEBUG util.NetUtilInitializations [Forwarding newSession on session null to remote] Loopback interface: lo (Software Loopback Interface 1, 127.0.0.1)
2022-09-21 12:33:31,710 DEBUG util.NetUtil [Forwarding newSession on session null to remote] Failed to get SOMAXCONN from sysctl and file \proc\sys\net\core\somaxconn. Default: 200
2022-09-21 12:33:33,084 DEBUG channel.DefaultChannelId [Forwarding newSession on session null to remote] -Dio.netty.machineId: 58:96:1d:ff:fe:eb:37:6e (auto-detected)
2022-09-21 12:33:33,139 DEBUG buffer.AbstractByteBuf [AsyncHttpClient-1-2] -Dio.netty.buffer.checkAccessible: true
2022-09-21 12:33:33,140 DEBUG buffer.AbstractByteBuf [AsyncHttpClient-1-2] -Dio.netty.buffer.checkBounds: true
2022-09-21 12:33:33,140 DEBUG util.ResourceLeakDetectorFactory [AsyncHttpClient-1-2] Loaded default ResourceLeakDetector: io.netty.util.ResourceLeakDetector@176ee79
2022-09-21 12:33:33,169 DEBUG util.Recycler [AsyncHttpClient-1-2] -Dio.netty.recycler.maxCapacityPerThread: 4096
2022-09-21 12:33:33,170 DEBUG util.Recycler [AsyncHttpClient-1-2] -Dio.netty.recycler.ratio: 8
2022-09-21 12:33:33,170 DEBUG util.Recycler [AsyncHttpClient-1-2] -Dio.netty.recycler.chunkSize: 32
2022-09-21 12:33:33,170 DEBUG util.Recycler [AsyncHttpClient-1-2] -Dio.netty.recycler.blocking: false
2022-09-21 12:33:39,569 DEBUG compression.Brotli [AsyncHttpClient-1-2] brotli4j not in the classpath; Brotli support will be unavailable.
2022-09-21 12:35:39,521 INFO  [main] Account was added.
2022-09-21 12:36:16,294 INFO  [main] Account [my.testing.aqa@gmail.com] is present
